<?xml version="1.0" encoding="UTF-8"?>
<!-- Generated by org.testng.reporters.JUnitXMLReporter -->
<testsuite ignored="0" hostname="LAPTOP-EBAKKTB3" failures="0" tests="3" name="Test" time="14.539" errors="0" timestamp="2024-12-17T18:58:24 IST">
  <testcase classname="Testcases.Registertestcases" name="VerifywiththeBlankData" time="1.141"/>
  <testcase classname="Testcases.Registertestcases" name="verifywithvalidcredentials" time="1.828"/>
  <testcase classname="Testcases.Logintestcases" name="verifyloginwithvalidcredentials" time="1.269"/>
</testsuite> <!-- Test -->
